<?xml version="1.0" encoding="UTF-8"?>
<!-- Generated by org.testng.reporters.JUnitReportReporter -->
<testsuite hostname="LAPTOP-BIM2FR3V" failures="0" tests="1" name="scenarios.CheckBoxAndRadBtn" time="16.128" errors="0" timestamp="2025-02-18T05:17:39 IST" skipped="0">
  <testcase classname="scenarios.CheckBoxAndRadBtn" name="handlingChkBoxesRadBtns" time="16.128"/>
  <system-out/>
</testsuite> <!-- scenarios.CheckBoxAndRadBtn -->
