<?xml version="1.0" encoding="UTF-8"?>
<!-- Generated by org.testng.reporters.JUnitReportReporter -->
<testsuite hostname="LAPTOP-BIM2FR3V" failures="0" tests="1" name="scenarios.DatePicker" time="11.621" errors="0" timestamp="2025-02-22T05:20:27 IST" skipped="0">
  <testcase classname="scenarios.DatePicker" name="selDate" time="11.621"/>
  <system-out/>
</testsuite> <!-- scenarios.DatePicker -->
