<?xml version="1.0" encoding="UTF-8"?>
<!-- Generated by org.testng.reporters.JUnitReportReporter -->
<testsuite hostname="LAPTOP-BIM2FR3V" failures="0" tests="1" name="scenarios.DynDataHandling" time="8.239" errors="0" timestamp="2025-02-22T05:23:47 IST" skipped="0">
  <testcase classname="scenarios.DynDataHandling" name="getDynData" time="8.239"/>
</testsuite> <!-- scenarios.DynDataHandling -->
