<?xml version="1.0" encoding="UTF-8"?>
<!-- Generated by org.testng.reporters.JUnitReportReporter -->
<testsuite hostname="LAPTOP-BIM2FR3V" failures="0" tests="1" name="scenarios.SwitchingWindows" time="17.689" errors="0" timestamp="2025-02-22T05:23:47 IST" skipped="0">
  <testcase classname="scenarios.SwitchingWindows" name="switchWin" time="17.689"/>
</testsuite> <!-- scenarios.SwitchingWindows -->
